\BOOKMARK [1][-]{section.1}{\376\377\000I\000n\000t\000r\000o\000d\000u\000c\000t\000i\000o\000n\000\040\000t\000o\000\040\000E\000x\000p\000l\000a\000i\000n\000a\000b\000l\000e\000\040\000A\000I}{}% 1
\BOOKMARK [2][-]{subsection.1.1}{\376\377\000T\000a\000x\000o\000n\000o\000m\000y}{section.1}% 2
\BOOKMARK [2][-]{subsection.1.2}{\376\377\000G\000l\000o\000b\000a\000l\000\040\000v\000s\000\040\000L\000o\000c\000a\000l\000\040\000i\000n\000t\000e\000r\000p\000r\000e\000t\000a\000b\000i\000l\000i\000t\000y}{section.1}% 3
\BOOKMARK [2][-]{subsection.1.3}{\376\377\000M\000a\000k\000i\000n\000g\000\040\000e\000x\000p\000l\000a\000n\000a\000t\000i\000o\000n\000s}{section.1}% 4
\BOOKMARK [1][-]{section.2}{\376\377\000L\000i\000n\000e\000a\000r\000\040\000M\000o\000d\000e\000l\000s}{}% 5
\BOOKMARK [2][-]{subsection.2.1}{\376\377\000L\000i\000n\000e\000a\000r\000\040\000R\000e\000g\000r\000e\000s\000s\000i\000o\000n}{section.2}% 6
\BOOKMARK [2][-]{subsection.2.2}{\376\377\000S\000h\000r\000i\000n\000k\000a\000g\000e\000\040\000M\000o\000d\000e\000l\000s}{section.2}% 7
\BOOKMARK [3][-]{subsubsection.2.2.1}{\376\377\000L\000a\000s\000s\000o\000\040\000-\000\040\000L\000e\000a\000s\000t\000\040\000A\000b\000s\000o\000l\000u\000t\000e\000\040\000S\000h\000r\000i\000n\000k\000a\000g\000e\000\040\000a\000n\000d\000\040\000S\000e\000l\000e\000c\000t\000i\000o\000n\000\040\000O\000p\000e\000r\000a\000t\000o\000r}{subsection.2.2}% 8
\BOOKMARK [2][-]{subsection.2.3}{\376\377\000L\000o\000g\000i\000s\000t\000i\000c\000\040\000R\000e\000g\000r\000e\000s\000s\000i\000o\000n}{section.2}% 9
\BOOKMARK [2][-]{subsection.2.4}{\376\377\000L\000i\000n\000e\000a\000r\000\040\000R\000e\000g\000r\000e\000s\000s\000i\000o\000n\000\040\000E\000x\000t\000e\000n\000s\000i\000o\000n\000s}{section.2}% 10
\BOOKMARK [2][-]{subsection.2.5}{\376\377\000G\000e\000n\000e\000r\000a\000l\000i\000z\000e\000d\000\040\000L\000i\000n\000e\000a\000r\000\040\000M\000o\000d\000e\000l\000s}{section.2}% 11
\BOOKMARK [2][-]{subsection.2.6}{\376\377\000F\000e\000a\000t\000u\000r\000e\000\040\000I\000n\000t\000e\000r\000a\000c\000t\000i\000o\000n\000s}{section.2}% 12
\BOOKMARK [2][-]{subsection.2.7}{\376\377\000G\000e\000n\000e\000r\000a\000l\000i\000z\000e\000d\000\040\000A\000d\000d\000i\000t\000i\000v\000e\000\040\000M\000o\000d\000e\000l\000s}{section.2}% 13
\BOOKMARK [1][-]{section.3}{\376\377\000T\000r\000e\000e\000\040\000M\000o\000d\000e\000l\000s}{}% 14
\BOOKMARK [2][-]{subsection.3.1}{\376\377\000D\000e\000c\000i\000s\000i\000o\000n\000\040\000T\000r\000e\000e\000s\000\040\000b\000y\000\040\000C\000A\000R\000T\000\040\000a\000l\000g\000o\000r\000i\000t\000h\000m}{section.3}% 15
\BOOKMARK [2][-]{subsection.3.2}{\376\377\000D\000e\000c\000i\000s\000i\000o\000n\000\040\000R\000u\000l\000e\000s}{section.3}% 16
\BOOKMARK [2][-]{subsection.3.3}{\376\377\000R\000u\000l\000e\000r\000F\000i\000t}{section.3}% 17
\BOOKMARK [1][-]{section.4}{\376\377\000M\000o\000d\000e\000\040\000A\000g\000n\000o\000s\000t\000i\000c\000\040\000a\000n\000d\000\040\000E\000x\000a\000m\000p\000l\000e\000\040\000b\000a\000s\000e\000d}{}% 18
\BOOKMARK [2][-]{subsection.4.1}{\376\377\000M\000o\000d\000e\000l\000\040\000A\000g\000n\000o\000s\000t\000i\000c}{section.4}% 19
\BOOKMARK [2][-]{subsection.4.2}{\376\377\000E\000x\000a\000m\000p\000l\000e\000s\000\040\000B\000a\000s\000e\000d}{section.4}% 20
\BOOKMARK [1][-]{section.5}{\376\377\000L\000o\000c\000a\000l\000\040\000M\000o\000d\000e\000l\000\040\000A\000g\000n\000o\000s\000t\000i\000c}{}% 21
\BOOKMARK [2][-]{subsection.5.1}{\376\377\000I\000C\000E\000\040\000-\000\040\000I\000n\000d\000i\000v\000i\000d\000u\000a\000l\000\040\000C\000o\000n\000d\000i\000t\000i\000o\000n\000a\000l\000\040\000E\000x\000p\000e\000c\000t\000a\000t\000i\000o\000n\000\040}{section.5}% 22
\BOOKMARK [2][-]{subsection.5.2}{\376\377\000L\000I\000M\000E\000\040\000-\000\040\000L\000o\000c\000a\000l\000\040\000I\000n\000t\000e\000r\000p\000r\000e\000t\000a\000b\000l\000e\000\040\000M\000o\000d\000e\000l\000-\000A\000g\000n\000o\000s\000t\000i\000c\000\040\000E\000x\000p\000l\000a\000n\000a\000t\000i\000o\000n\000s}{section.5}% 23
\BOOKMARK [2][-]{subsection.5.3}{\376\377\000S\000h\000a\000p\000l\000e\000y\000\040\000v\000a\000l\000u\000e\000s\000\040\000\046\000\040\000S\000H\000A\000P}{section.5}% 24
